<?xml version="1.0" encoding="UTF-8"?>
<Site BuildName="Win32-mingw32-make"
	BuildStamp="20231103-0933-Experimental"
	Name="danyadv"
	Generator="ctest-3.24.202208181-MSVC_2"
	CompilerName="C:/msys64/mingw64/bin/g++.exe"
	CompilerVersion="12.1.0"
	OSName="Windows"
	Hostname="danyadv"
	OSRelease=" Personal"
	OSVersion=" (Build 22621)"
	OSPlatform="AMD64"
	Is64Bits="1"
	VendorString="AuthenticAMD"
	VendorID="Advanced Micro Devices"
	FamilyID="15"
	ModelID="8"
	ProcessorCacheSize="64"
	NumberOfLogicalCPU="12"
	NumberOfPhysicalCPU="6"
	TotalVirtualMemory="22874"
	TotalPhysicalMemory="15706"
	LogicalProcessorsPerPhysical="2"
	ProcessorClockFrequency="2096"
	>
	<Testing>
		<StartDateTime>Nov 03 12:33 RTZ 2 ([NON-UTF-8-BYTE-0xE7][NON-UTF-8-BYTE-0xE8][NON-UTF-8-BYTE-0xEC][NON-UTF-8-BYTE-0xE0])</StartDateTime>
		<StartTestTime>1699003996</StartTestTime>
		<TestList/>
		<EndDateTime>Nov 03 12:33 RTZ 2 ([NON-UTF-8-BYTE-0xE7][NON-UTF-8-BYTE-0xE8][NON-UTF-8-BYTE-0xEC][NON-UTF-8-BYTE-0xE0])</EndDateTime>
		<EndTestTime>1699003996</EndTestTime>
		<ElapsedMinutes>0</ElapsedMinutes>
	</Testing>
</Site>
