<?xml version="1.0" encoding="UTF-8"?>
<Site BuildName="Win32-mingw32-make"
	BuildStamp="20231215-0100-Experimental"
	Name="DESKTOP-89UCU8F"
	Generator="ctest-3.25.1-msvc1"
	CompilerName="C:/msys64/mingw64/bin/g++.exe"
	CompilerVersion="12.2.0"
	OSName="Windows"
	Hostname="DESKTOP-89UCU8F"
	OSRelease=" Professional"
	OSVersion=" (Build 19045)"
	OSPlatform="AMD64"
	Is64Bits="1"
	VendorString="AuthenticAMD"
	VendorID="Advanced Micro Devices"
	FamilyID="15"
	ModelID="1"
	ProcessorCacheSize="64"
	NumberOfLogicalCPU="12"
	NumberOfPhysicalCPU="6"
	TotalVirtualMemory="32693"
	TotalPhysicalMemory="16309"
	LogicalProcessorsPerPhysical="2"
	ProcessorClockFrequency="3693"
	>
	<Testing>
		<StartDateTime>Dec 15 04:00 RTZ 2 (зима)</StartDateTime>
		<StartTestTime>1702602051</StartTestTime>
		<TestList/>
		<EndDateTime>Dec 15 04:00 RTZ 2 (зима)</EndDateTime>
		<EndTestTime>1702602051</EndTestTime>
		<ElapsedMinutes>0</ElapsedMinutes>
	</Testing>
</Site>
